<?xml version="1.0" encoding="UTF-8"?>
<testsuite name="com.statetestcases.com.StateTestCases" tests="1" skipped="0" failures="0" errors="0" timestamp="2019-12-03T11:02:52" hostname="admin1-LIVA-Z2V" time="0.187">
  <properties/>
  <testcase name="check_StateCensusDataFile_WhenHeaderIncorrect_ThrowException" classname="com.statetestcases.com.StateTestCases" time="0.187"/>
  <system-out><![CDATA[Exception is : File Delimiter is incorrect or header is incorrect
]]></system-out>
  <system-err><![CDATA[]]></system-err>
</testsuite>
