<?xml version="1.0" encoding="UTF-8"?>
<testsuite name="com.statetestcases.com.StateTestCases" tests="3" skipped="0" failures="0" errors="0" timestamp="2019-12-03T10:50:03" hostname="admin1-LIVA-Z2V" time="0.188">
  <properties/>
  <testcase name="check_StateCensusDataFile_WhenIncorrectFileType_TrowException" classname="com.statetestcases.com.StateTestCases" time="0.016"/>
  <testcase name="check_StateCensusDataFile_WhenIncorrectFileName_ThrowException" classname="com.statetestcases.com.StateTestCases" time="0.002"/>
  <testcase name="check_StateCensusDataFile_ReturnHowMuchRecord" classname="com.statetestcases.com.StateTestCases" time="0.165"/>
  <system-out><![CDATA[Exception is : please Enter proper file path or type 
Exception is : please Enter proper file path or type 
]]></system-out>
  <system-err><![CDATA[]]></system-err>
</testsuite>
