<?xml version="1.0" encoding="UTF-8"?>
<testsuite name="com.statetestcases.com.StateTestCases" tests="1" skipped="0" failures="0" errors="0" timestamp="2019-12-03T10:34:12" hostname="admin1-LIVA-Z2V" time="0.18">
  <properties/>
  <testcase name="check_StateCensusDataFile_ReturnHowMuchRecord" classname="com.statetestcases.com.StateTestCases" time="0.18"/>
  <system-out><![CDATA[]]></system-out>
  <system-err><![CDATA[]]></system-err>
</testsuite>
